AMMMCCPO_00001	151	sp|Q2FXT2|Y1752_STAA8	151	100.000	151	0	0	1	151	1	151	3.67e-105	299	100
AMMMCCPO_00002	430	sp|Q6GG60|OBG_STAAR	430	99.767	430	1	0	1	430	1	430	0.0	866	100
AMMMCCPO_00003	94	sp|P66134|RL27_STAAW	94	100.000	94	0	0	1	94	1	94	1.67e-62	186	100
AMMMCCPO_00004	106	sp|P26942|YSXB_BACSU	112	37.963	108	63	1	1	104	1	108	2.59e-21	83.6	98
AMMMCCPO_00005	102	sp|Q7A0Q2|RL21_STAAW	102	100.000	102	0	0	1	102	1	102	1.46e-68	202	100
AMMMCCPO_00007	280	sp|Q8Y6Y4|MREC_LISMO	295	37.681	276	162	4	1	267	1	275	2.81e-54	180	95
AMMMCCPO_00010	228	sp|Q5HFB1|Y1707_STAAC	228	99.561	228	1	0	1	228	1	228	1.94e-166	460	100
AMMMCCPO_00011	235	sp|P0C6D9|LEP4_VIBCH	253	28.638	213	125	8	27	218	39	245	2.24e-13	70.1	82
AMMMCCPO_00012	423	sp|Q05865|FOLC_BACSU	430	42.857	427	231	5	3	418	5	429	2.63e-122	364	98
AMMMCCPO_00013	876	sp|Q6GG42|SYV_STAAR	876	99.886	876	1	0	1	876	1	876	0.0	1804	100
AMMMCCPO_00014	186	sp|P44321|3MGA_HAEIN	185	45.856	181	98	0	2	182	3	183	3.33e-57	180	97
AMMMCCPO_00015	355	sp|P75747|ABRB_ECOLI	348	23.580	352	252	10	8	354	8	347	8.20e-14	74.3	98
AMMMCCPO_00016	428	sp|Q6GG38|GSA1_STAAR	428	100.000	428	0	0	1	428	1	428	0.0	876	100
AMMMCCPO_00017	324	sp|P64335|HEM2_STAAW	324	99.691	324	1	0	1	324	1	324	0.0	669	100
AMMMCCPO_00018	222	sp|Q59294|HEM4_RUMJO	504	27.803	223	131	7	24	222	283	499	8.89e-18	84.0	90
AMMMCCPO_00019	308	sp|Q6GG35|HEM3_STAAR	308	100.000	308	0	0	1	308	1	308	0.0	629	100
AMMMCCPO_00020	271	sp|P16645|HEMX_BACSU	276	33.712	264	175	0	1	264	1	264	8.10e-40	142	97
AMMMCCPO_00021	448	sp|Q6GG33|HEM1_STAAR	448	99.777	448	1	0	1	448	1	448	0.0	909	100
AMMMCCPO_00022	196	sp|Q6GG32|ENGB_STAAR	196	100.000	196	0	0	1	196	1	196	1.38e-144	402	100
AMMMCCPO_00023	420	sp|Q6GG31|CLPX_STAAR	420	100.000	420	0	0	1	420	1	420	0.0	847	100
AMMMCCPO_00024	433	sp|Q6GG30|TIG_STAAR	433	100.000	433	0	0	1	433	1	433	0.0	859	100
AMMMCCPO_00026	202	sp|P50619|YMAB_BACSU	206	42.365	203	112	3	1	199	1	202	7.03e-52	168	99
AMMMCCPO_00027	118	sp|P66109|RL20_STAAW	118	100.000	118	0	0	1	118	1	118	2.41e-82	238	100
AMMMCCPO_00028	66	sp|P66277|RL35_STAAW	66	100.000	66	0	0	1	66	1	66	5.11e-40	127	100
AMMMCCPO_00029	186	sp|Q6GG25|IF3_STAAR	175	99.429	175	1	0	12	186	1	175	5.44e-125	351	94
AMMMCCPO_00030	497	sp|A2RNZ6|LYSP_LACLM	508	54.435	496	206	7	4	489	21	506	0.0	533	98
AMMMCCPO_00031	645	sp|Q8NW68|SYT_STAAW	645	100.000	645	0	0	1	645	1	645	0.0	1340	100
AMMMCCPO_00032	306	sp|P06567|DNAI_BACSU	311	43.051	295	166	2	13	305	16	310	2.99e-81	251	96
AMMMCCPO_00033	466	sp|P07908|DNAB_BACSU	472	29.004	462	308	10	12	459	10	465	4.20e-49	177	96
AMMMCCPO_00034	156	sp|P67317|NRDR_STAAW	156	100.000	156	0	0	1	156	1	156	7.11e-115	324	100
AMMMCCPO_00035	341	sp|Q6GG19|G3P2_STAAR	341	100.000	341	0	0	1	341	1	341	0.0	697	100
AMMMCCPO_00036	207	sp|P63832|COAE_STAAW	207	99.517	207	1	0	1	207	1	207	4.47e-150	417	100
AMMMCCPO_00037	290	sp|B8F586|FPG_HAEPS	274	36.644	292	162	6	1	290	1	271	8.14e-53	176	100
AMMMCCPO_00038	876	sp|O34996|DPO1_BACSU	880	59.548	885	337	7	3	876	6	880	0.0	1030	99
AMMMCCPO_00040	554	sp|P23545|PHOR_BACSU	579	41.725	429	242	7	131	554	151	576	1.61e-97	310	77
AMMMCCPO_00041	233	sp|P13792|PHOP_BACSU	240	67.089	237	73	1	1	232	1	237	1.73e-111	322	99
AMMMCCPO_00042	422	sp|Q6GG12|IDH_STAAR	422	100.000	422	0	0	1	422	1	422	0.0	860	100
AMMMCCPO_00043	373	sp|P39120|CISY2_BACSU	372	58.856	367	151	0	6	372	5	371	2.80e-164	466	98
AMMMCCPO_00044	453	sp|P0AAE0|CYCA_ECOLI	470	52.000	450	212	3	3	448	17	466	1.37e-172	494	98
AMMMCCPO_00045	585	sp|Q6GG09|KPYK_STAAR	585	100.000	585	0	0	1	585	1	585	0.0	1175	100
AMMMCCPO_00046	322	sp|Q6GG08|PFKA_STAAR	322	100.000	322	0	0	1	322	1	322	0.0	653	100
AMMMCCPO_00047	314	sp|Q6GG07|ACCA_STAAR	314	100.000	314	0	0	1	314	1	314	0.0	640	100
AMMMCCPO_00048	285	sp|A8Z2L6|ACCD_STAAT	285	100.000	285	0	0	1	285	1	285	0.0	593	100
AMMMCCPO_00049	409	sp|O34962|MAO4_BACSU	410	74.384	406	104	0	1	406	1	406	0.0	584	99
AMMMCCPO_00050	1065	sp|Q6GG04|DPO3A_STAAR	1065	100.000	1065	0	0	1	1065	1	1065	0.0	2193	100
AMMMCCPO_00051	313	sp|O34600|NRNA_BACSU	313	49.346	306	153	2	6	310	3	307	3.10e-105	312	97
AMMMCCPO_00053	432	sp|O34921|YTOI_BACSU	439	45.747	435	230	1	2	430	3	437	2.43e-140	410	99
AMMMCCPO_00054	137	sp|Q57997|Y577_METJA	162	32.903	155	86	3	1	137	4	158	3.21e-11	60.1	100
AMMMCCPO_00055	229	sp|Q6GG00|Y1785_STAAR	229	100.000	229	0	0	1	229	1	229	4.75e-169	467	100
AMMMCCPO_00056	351	sp|Q6GFZ9|Y1786_STAAR	351	100.000	351	0	0	1	351	1	351	0.0	723	100
AMMMCCPO_00057	372	sp|Q6GFZ8|DHA2_STAAR	372	100.000	372	0	0	1	372	1	372	0.0	754	100
AMMMCCPO_00058	166	sp|Q2FXL6|Y1819_STAA8	166	100.000	166	0	0	1	166	1	166	1.70e-122	344	100
AMMMCCPO_00059	400	sp|Q6GFZ6|ACKA_STAAR	400	100.000	400	0	0	1	400	1	400	0.0	816	100
AMMMCCPO_00060	315	sp|P37876|YTXK_BACSU	329	35.093	322	188	3	11	312	9	329	7.18e-60	197	96
AMMMCCPO_00061	164	sp|Q6GFZ4|TPX_STAAR	164	100.000	164	0	0	1	164	1	164	4.04e-120	338	100
AMMMCCPO_00062	256	sp|P46490|Y198_HAEIN	255	36.614	254	152	4	1	250	1	249	5.83e-44	151	98
AMMMCCPO_00063	407	sp|Q6GFZ2|THII_STAAR	407	99.509	407	2	0	1	407	1	407	0.0	831	100
AMMMCCPO_00064	388	sp|O34874|ISCS2_BACSU	381	37.958	382	233	3	10	388	1	381	2.74e-86	269	98
AMMMCCPO_00065	564	sp|Q6GFZ0|EZRA_STAAR	564	100.000	564	0	0	1	564	1	564	0.0	1130	100
AMMMCCPO_00066	154	sp|O34553|YTSP_BACSU	163	52.349	149	69	1	8	154	14	162	1.16e-51	164	95
AMMMCCPO_00067	200	sp|Q6GFY8|RS4_STAAR	200	100.000	200	0	0	1	200	1	200	3.61e-147	409	100
AMMMCCPO_00068	247	sp|O07592|YHDW_BACSU	243	35.484	248	138	5	10	247	1	236	1.05e-43	150	96
AMMMCCPO_00069	148	sp|O31790|YMAD_BACSU	150	39.007	141	86	0	1	141	1	141	1.02e-31	113	95
AMMMCCPO_00070	386	sp|Q9X1C0|SAT_THEMA	384	35.294	357	224	4	8	364	10	359	1.71e-75	241	92
AMMMCCPO_00071	534	sp|P35136|SERA_BACSU	525	42.054	516	295	3	4	519	2	513	5.36e-147	435	97
AMMMCCPO_00073	488	sp|O34521|PTWCB_BACSU	452	43.149	489	233	8	1	485	1	448	2.19e-105	324	99
AMMMCCPO_00074	205	sp|O07584|PLSC_BACSU	199	46.535	202	104	4	1	201	1	199	1.70e-59	187	98
AMMMCCPO_00075	424	sp|P39668|YYXA_BACSU	400	42.927	410	203	13	1	397	1	392	2.82e-85	268	94
AMMMCCPO_00076	420	sp|Q7A0M7|SYY_STAAW	420	99.762	420	1	0	1	420	1	420	0.0	863	100
AMMMCCPO_00077	301	sp|Q8XJ01|PBPA_CLOPE	679	32.000	275	162	8	19	287	23	278	2.36e-28	117	89
AMMMCCPO_00078	890	sp|Q2FXJ2|ISDH_STAA8	895	93.520	895	53	2	1	890	1	895	0.0	1680	100
AMMMCCPO_00079	555	sp|Q8NW37|FTHS_STAAW	555	100.000	555	0	0	1	555	1	555	0.0	1133	100
AMMMCCPO_00080	568	sp|P39062|ACSA_BACSU	572	69.877	571	169	2	1	568	1	571	0.0	851	100
AMMMCCPO_00081	210	sp|Q65G33|ACUA_BACLD	210	52.857	210	99	0	1	210	1	210	2.52e-79	238	100
AMMMCCPO_00082	389	sp|Q6GFX3|ACUC_STAAR	389	100.000	389	0	0	1	389	1	389	0.0	813	100
AMMMCCPO_00083	329	sp|Q6GFX2|CCPA_STAAR	329	99.696	329	1	0	1	329	1	329	0.0	667	100
AMMMCCPO_00084	363	sp|P39912|AROG_BACSU	358	65.537	354	120	2	1	353	1	353	5.60e-163	462	97
AMMMCCPO_00086	163	sp|Q2G247|Y1855_STAA8	163	100.000	163	0	0	1	163	1	163	1.55e-116	328	100
AMMMCCPO_00087	437	sp|Q6GFW8|MURC_STAAR	437	100.000	437	0	0	1	437	1	437	0.0	900	100
AMMMCCPO_00088	1274	sp|C0SP86|SFTA_BACSU	952	60.256	468	180	4	809	1271	483	949	0.0	591	36
AMMMCCPO_00089	212	sp|O34943|YTPR_BACSU	201	56.398	211	79	2	1	210	1	199	8.08e-64	199	99
AMMMCCPO_00090	285	sp|Q2FXI7|Y1859_STAA8	285	100.000	285	0	0	1	285	1	285	0.0	587	100
AMMMCCPO_00091	103	sp|O34357|YTPP_BACSU	107	50.495	101	49	1	1	100	1	101	2.88e-32	111	97
AMMMCCPO_00092	358	sp|O34924|YTOP_BACSU	357	44.828	348	187	5	12	356	9	354	9.72e-109	324	96
AMMMCCPO_00094	280	sp|O34760|YTNP_BACSU	281	52.174	276	128	2	1	273	4	278	6.29e-100	296	98
AMMMCCPO_00095	214	sp|Q6GFV3|TRMB_STAAR	214	100.000	214	0	0	1	214	1	214	3.71e-163	451	100
AMMMCCPO_00096	263	sp|C0SPC1|YTMP_BACSU	204	41.206	199	117	0	59	257	1	199	3.43e-54	176	76
AMMMCCPO_00097	282	sp|Q8NW24|DAAA_STAAW	282	100.000	282	0	0	1	282	1	282	0.0	573	100
AMMMCCPO_00098	469	sp|Q6GFV0|PEPVL_STAAR	469	100.000	469	0	0	1	469	1	469	0.0	974	100
AMMMCCPO_00100	231	sp|O32068|YTZG_BACSU	239	46.429	224	114	3	1	218	1	224	1.01e-65	206	94
AMMMCCPO_00101	553	sp|O34674|MURJ_BACSU	544	38.182	495	289	6	4	498	2	479	4.91e-116	357	90
AMMMCCPO_00102	422	sp|Q795R8|YTFP_BACSU	420	59.189	419	168	2	2	419	4	420	2.72e-175	498	99
AMMMCCPO_00103	2189	sp|A5ISW6|EBH_STAA9	10624	27.639	720	479	11	815	1501	9654	10364	4.79e-34	148	31
AMMMCCPO_00104	103	sp|O32072|YTWF_BACSU	103	43.011	93	53	0	1	93	3	95	2.67e-21	83.2	90
AMMMCCPO_00105	805	sp|Q6GFU3|SYL_STAAR	804	99.751	804	2	0	2	805	1	804	0.0	1656	99
AMMMCCPO_00106	393	sp|O34546|YTTB_BACSU	397	54.875	359	162	0	3	361	1	359	1.91e-135	395	91
AMMMCCPO_00107	317	sp|O35008|YTQA_BACSU	322	75.490	306	75	0	3	308	5	310	1.12e-178	499	97
AMMMCCPO_00108	187	sp|O34614|YTQB_BACSU	194	51.337	187	88	2	1	184	1	187	4.16e-58	183	98
AMMMCCPO_00109	133	sp|Q7A0L8|ROT_STAAW	166	100.000	133	0	0	1	133	34	166	6.86e-94	270	100
AMMMCCPO_00111	366	sp|Q7A181|QOX2_STAAW	366	100.000	366	0	0	1	366	1	366	0.0	761	100
AMMMCCPO_00112	662	sp|Q5HH24|QOX1_STAAC	662	99.849	662	1	0	1	662	1	662	0.0	1345	100
AMMMCCPO_00113	201	sp|Q7A183|QOX3_STAAW	201	100.000	201	0	0	1	201	1	201	2.51e-147	409	100
AMMMCCPO_00114	96	sp|Q6GI26|QOX4_STAAR	96	100.000	96	0	0	1	96	1	96	5.60e-63	188	100
AMMMCCPO_00115	397	sp|Q6GI27|FMTA_STAAR	397	99.496	397	2	0	1	397	1	397	0.0	797	100
AMMMCCPO_00116	408	sp|P52078|Y997_STAA8	405	96.324	408	12	1	1	408	1	405	0.0	797	100
AMMMCCPO_00117	156	sp|P0A0Q4|Y996_STAA8	156	99.359	156	1	0	1	156	1	156	4.44e-115	324	100
AMMMCCPO_00118	144	sp|Q6GI30|ATSE_STAAR	144	100.000	144	0	0	1	144	1	144	2.69e-105	298	100
AMMMCCPO_00119	1260	sp|Q6GI31|ATL_STAAR	1257	99.762	1260	0	1	1	1260	1	1257	0.0	2530	100
AMMMCCPO_00120	139	sp|P96708|YDGJ_BACSU	164	35.366	82	53	0	18	99	41	122	6.11e-08	51.6	59
AMMMCCPO_00121	336	sp|O31660|YKRP_BACSU	340	34.954	329	206	3	5	331	3	325	2.14e-57	191	97
AMMMCCPO_00122	384	sp|P16524|DAPX_BACSU	393	45.195	385	207	3	1	384	1	382	6.04e-116	345	100
AMMMCCPO_00124	357	sp|Q6GI34|SSPA_STAAR	357	99.440	357	2	0	1	357	1	357	0.0	709	100
AMMMCCPO_00125	393	sp|P0C1S6|SSPB_STAAU	393	100.000	393	0	0	1	393	1	393	0.0	813	100
AMMMCCPO_00126	109	sp|Q6GI36|SSPC_STAAR	109	100.000	109	0	0	1	109	1	109	7.86e-77	224	100
AMMMCCPO_00127	273	sp|Q6GI37|MENB_STAAR	273	100.000	273	0	0	1	273	1	273	0.0	567	100
AMMMCCPO_00128	267	sp|P23974|MENH_BACSU	274	34.483	261	169	2	2	261	12	271	7.80e-51	170	97
AMMMCCPO_00129	557	sp|Q6GI39|MEND_STAAR	557	100.000	557	0	0	1	557	1	557	0.0	1155	100
AMMMCCPO_00130	453	sp|P23973|MENF_BACSU	471	34.862	436	261	10	30	446	36	467	6.75e-76	247	92
AMMMCCPO_00131	312	sp|P39582|MENA_BACSU	311	50.498	301	143	2	6	306	14	308	1.08e-101	303	96
AMMMCCPO_00133	71	sp|C0H423|YOZV_BACSU	79	55.814	43	19	0	2	44	4	46	4.47e-11	55.5	61
AMMMCCPO_00135	83	sp|O34348|YFMC_BACSU	315	44.286	70	36	3	9	77	243	310	4.84e-10	56.6	83
AMMMCCPO_00136	117	sp|P37248|TRA8_CUPMC	339	40.000	90	54	0	5	94	236	325	1.06e-18	82.0	77
AMMMCCPO_00138	113	sp|P96647|YDDJ_BACSU	126	30.172	116	73	4	1	108	1	116	2.60e-06	45.8	96
AMMMCCPO_00140	348	sp|Q2G0D4|SSAAL_STAA8	265	42.105	114	56	4	235	345	159	265	2.71e-20	91.7	32
AMMMCCPO_00141	615	sp|P96644|YDDG_BACSU	815	25.624	441	292	8	1	414	4	435	2.86e-41	163	67
AMMMCCPO_00142	452	sp|P96634|YDCQ_BACSU	480	32.009	453	281	10	9	449	12	449	8.28e-63	213	98
AMMMCCPO_00143	831	sp|P96642|YDDE_BACSU	831	39.136	833	500	5	1	829	1	830	0.0	647	99
AMMMCCPO_00146	355	sp|O31491|YDDB_BACSU	354	28.488	344	213	13	17	346	24	348	1.05e-25	108	93
AMMMCCPO_00147	363	sp|P96635|NICK_BACSU	352	36.963	349	200	6	9	349	8	344	3.20e-73	233	94
AMMMCCPO_00151	246	sp|P15028|FECB_ECOLI	300	42.473	186	103	2	35	219	23	205	3.27e-46	158	75
AMMMCCPO_00152	118	sp|P54720|CATD_BACSU	134	36.170	94	60	0	2	95	6	99	1.14e-13	65.1	80
AMMMCCPO_00153	493	sp|A0A0H2WWV6|TARM_STAAC	493	99.594	493	2	0	1	493	1	493	0.0	999	100
AMMMCCPO_00156	213	sp|P9WQK1|Y986_MYCTU	248	35.426	223	134	4	1	213	6	228	2.08e-40	140	100
AMMMCCPO_00160	58	sp|O31684|YKVS_BACSU	61	61.404	57	22	0	1	57	1	57	8.76e-20	76.3	98
AMMMCCPO_00161	328	sp|A0A0H3JR16|LPLA1_STAAM	328	99.390	328	2	0	1	328	1	328	0.0	667	100
AMMMCCPO_00163	189	sp|P40396|COMK_BACSU	192	31.852	135	89	2	7	141	12	143	7.59e-16	74.7	71
AMMMCCPO_00166	504	sp|O34313|NTPES_BACSU	1462	27.711	249	151	8	8	234	43	284	2.82e-18	91.7	45
AMMMCCPO_00167	434	sp|O31658|KTRD_BACSU	449	50.575	435	209	4	1	434	20	449	1.32e-146	427	100
AMMMCCPO_00168	362	sp|O31658|KTRD_BACSU	449	50.689	363	173	4	1	362	92	449	1.70e-119	355	100
AMMMCCPO_00169	504	sp|O34313|NTPES_BACSU	1462	27.711	249	151	8	8	234	43	284	2.82e-18	91.7	45
AMMMCCPO_00172	189	sp|P40396|COMK_BACSU	192	31.852	135	89	2	7	141	12	143	7.59e-16	74.7	71
AMMMCCPO_00174	328	sp|A0A0H3JR16|LPLA1_STAAM	328	99.390	328	2	0	1	328	1	328	0.0	667	100
AMMMCCPO_00175	58	sp|O31684|YKVS_BACSU	61	61.404	57	22	0	1	57	1	57	8.76e-20	76.3	98
AMMMCCPO_00179	213	sp|P9WQK1|Y986_MYCTU	248	35.426	223	134	4	1	213	6	228	2.08e-40	140	100
AMMMCCPO_00182	493	sp|A0A0H2WWV6|TARM_STAAC	493	99.594	493	2	0	1	493	1	493	0.0	999	100
AMMMCCPO_00183	118	sp|P54720|CATD_BACSU	134	36.170	94	60	0	2	95	6	99	1.14e-13	65.1	80
AMMMCCPO_00184	246	sp|P15028|FECB_ECOLI	300	42.473	186	103	2	35	219	23	205	3.27e-46	158	75
AMMMCCPO_00188	363	sp|P96635|NICK_BACSU	352	36.963	349	200	6	9	349	8	344	3.20e-73	233	94
AMMMCCPO_00189	355	sp|O31491|YDDB_BACSU	354	28.488	344	213	13	17	346	24	348	1.05e-25	108	93
AMMMCCPO_00192	831	sp|P96642|YDDE_BACSU	831	39.136	833	500	5	1	829	1	830	0.0	647	99
AMMMCCPO_00193	452	sp|P96634|YDCQ_BACSU	480	32.009	453	281	10	9	449	12	449	8.28e-63	213	98
AMMMCCPO_00194	615	sp|P96644|YDDG_BACSU	815	25.624	441	292	8	1	414	4	435	2.86e-41	163	67
AMMMCCPO_00195	348	sp|Q2G0D4|SSAAL_STAA8	265	42.105	114	56	4	235	345	159	265	2.71e-20	91.7	32
AMMMCCPO_00197	113	sp|P96647|YDDJ_BACSU	126	30.172	116	73	4	1	108	1	116	2.60e-06	45.8	96
AMMMCCPO_00199	117	sp|P37248|TRA8_CUPMC	339	40.000	90	54	0	5	94	236	325	1.06e-18	82.0	77
AMMMCCPO_00200	83	sp|O34348|YFMC_BACSU	315	44.286	70	36	3	9	77	243	310	4.84e-10	56.6	83
AMMMCCPO_00202	71	sp|C0H423|YOZV_BACSU	79	55.814	43	19	0	2	44	4	46	4.47e-11	55.5	61
AMMMCCPO_00204	312	sp|P39582|MENA_BACSU	311	50.498	301	143	2	6	306	14	308	1.08e-101	303	96
AMMMCCPO_00205	453	sp|P23973|MENF_BACSU	471	34.862	436	261	10	30	446	36	467	6.75e-76	247	92
AMMMCCPO_00206	557	sp|Q6GI39|MEND_STAAR	557	100.000	557	0	0	1	557	1	557	0.0	1155	100
AMMMCCPO_00207	267	sp|P23974|MENH_BACSU	274	34.483	261	169	2	2	261	12	271	7.80e-51	170	97
AMMMCCPO_00208	273	sp|Q6GI37|MENB_STAAR	273	100.000	273	0	0	1	273	1	273	0.0	567	100
AMMMCCPO_00209	109	sp|Q6GI36|SSPC_STAAR	109	100.000	109	0	0	1	109	1	109	7.86e-77	224	100
AMMMCCPO_00210	393	sp|P0C1S6|SSPB_STAAU	393	100.000	393	0	0	1	393	1	393	0.0	813	100
AMMMCCPO_00211	357	sp|Q6GI34|SSPA_STAAR	357	99.440	357	2	0	1	357	1	357	0.0	709	100
AMMMCCPO_00213	384	sp|P16524|DAPX_BACSU	393	45.195	385	207	3	1	384	1	382	6.04e-116	345	100
AMMMCCPO_00214	336	sp|O31660|YKRP_BACSU	340	34.954	329	206	3	5	331	3	325	2.14e-57	191	97
AMMMCCPO_00215	139	sp|P96708|YDGJ_BACSU	164	35.366	82	53	0	18	99	41	122	6.11e-08	51.6	59
AMMMCCPO_00216	1260	sp|Q6GI31|ATL_STAAR	1257	99.762	1260	0	1	1	1260	1	1257	0.0	2530	100
AMMMCCPO_00217	144	sp|Q6GI30|ATSE_STAAR	144	100.000	144	0	0	1	144	1	144	2.69e-105	298	100
AMMMCCPO_00218	156	sp|P0A0Q4|Y996_STAA8	156	99.359	156	1	0	1	156	1	156	4.44e-115	324	100
AMMMCCPO_00219	408	sp|P52078|Y997_STAA8	405	96.324	408	12	1	1	408	1	405	0.0	797	100
AMMMCCPO_00220	397	sp|Q6GI27|FMTA_STAAR	397	99.496	397	2	0	1	397	1	397	0.0	797	100
AMMMCCPO_00221	96	sp|Q6GI26|QOX4_STAAR	96	100.000	96	0	0	1	96	1	96	5.60e-63	188	100
AMMMCCPO_00222	201	sp|Q7A183|QOX3_STAAW	201	100.000	201	0	0	1	201	1	201	2.51e-147	409	100
AMMMCCPO_00223	662	sp|Q5HH24|QOX1_STAAC	662	99.849	662	1	0	1	662	1	662	0.0	1345	100
AMMMCCPO_00224	366	sp|Q7A181|QOX2_STAAW	366	100.000	366	0	0	1	366	1	366	0.0	761	100
AMMMCCPO_00226	479	sp|P94422|YCNB_BACSU	472	42.060	466	255	2	13	478	19	469	1.90e-126	378	97
AMMMCCPO_00228	228	sp|Q6GE17|GPMA_STAAR	228	100.000	228	0	0	1	228	1	228	4.63e-171	472	100
AMMMCCPO_00229	288	sp|P46348|MNES_BACSU	290	41.958	286	165	1	1	285	1	286	7.19e-75	233	99
AMMMCCPO_00230	437	sp|Q6GE15|SBI_STAAR	437	100.000	437	0	0	1	437	1	437	0.0	888	100
AMMMCCPO_00231	321	sp|P0A073|HLGA_STAAW	309	99.676	309	1	0	13	321	1	309	0.0	633	96
AMMMCCPO_00232	315	sp|Q6GE13|HLGC_STAAR	315	100.000	315	0	0	1	315	1	315	0.0	648	100
AMMMCCPO_00233	325	sp|Q6GE12|HLGB_STAAR	325	100.000	325	0	0	1	325	1	325	0.0	670	100
AMMMCCPO_00234	155	sp|P22821|BIOX_LYSSH	166	40.397	151	86	1	2	148	5	155	1.37e-23	92.8	95
AMMMCCPO_00235	230	sp|Q6GE10|BIOW_STAAR	230	100.000	230	0	0	1	230	1	230	2.05e-173	478	100
AMMMCCPO_00236	371	sp|A6LMP4|BIOF_THEM4	391	30.400	375	249	3	2	365	6	379	9.03e-60	200	98
AMMMCCPO_00237	335	sp|Q6GE08|BIOB_STAAR	335	100.000	335	0	0	1	335	1	335	0.0	694	100
AMMMCCPO_00238	452	sp|Q2FVJ6|BIOA_STAA8	452	99.558	452	2	0	1	452	1	452	0.0	932	100
AMMMCCPO_00239	228	sp|Q8CQD8|BIOD_STAES	223	64.414	222	79	0	1	222	1	222	5.21e-102	297	97
AMMMCCPO_00240	577	sp|Q2LVL0|MSBA_SYNAS	601	31.678	584	344	8	7	562	23	579	3.76e-91	295	96
AMMMCCPO_00241	587	sp|A0R6H8|IRTA_MYCS2	860	34.669	499	314	8	80	573	351	842	2.80e-87	291	84
AMMMCCPO_00243	380	sp|Q9Z9P2|GLXK_BACHD	380	50.538	372	183	1	3	374	1	371	3.44e-122	360	98
AMMMCCPO_00245	403	sp|P96709|YDGK_BACSU	402	34.595	370	238	3	19	385	17	385	5.33e-58	197	91
AMMMCCPO_00249	469	sp|P0AAE0|CYCA_ECOLI	470	50.441	454	220	2	3	451	17	470	1.81e-170	490	96
AMMMCCPO_00250	692	sp|A7Z8R4|NHAK_BACVZ	671	32.374	695	406	15	8	680	8	660	1.78e-104	335	97
AMMMCCPO_00251	609	sp|P96589|KIMA_BACSU	607	56.721	610	260	3	1	609	1	607	0.0	699	100
AMMMCCPO_00252	499	sp|Q6GDZ1|FLP_STAAR	499	100.000	499	0	0	1	499	1	499	0.0	1020	100
AMMMCCPO_00253	283	sp|A0R5C5|GALE_MYCS2	313	34.711	121	67	5	3	113	2	120	9.19e-08	55.5	39
AMMMCCPO_00254	311	sp|Q9CFY8|PANE_LACLA	312	43.269	312	175	1	1	310	1	312	7.82e-88	268	99
AMMMCCPO_00255	466	sp|Q5HFY7|NORB_STAAC	463	57.419	465	191	3	3	466	5	463	0.0	526	99
AMMMCCPO_00256	231	sp|Q9KHT6|OPUCD_LISMN	223	61.111	216	84	0	4	219	2	217	9.87e-93	273	94
AMMMCCPO_00257	313	sp|Q9KHT7|OPUCC_LISMN	308	61.131	283	107	2	24	306	26	305	8.21e-129	372	90
AMMMCCPO_00258	211	sp|Q9KHT8|OPUCB_LISMN	218	53.365	208	97	0	1	208	4	211	8.05e-75	227	99
AMMMCCPO_00259	408	sp|Q9KHT9|OPUCA_LISMN	397	60.305	393	152	2	1	392	1	390	2.06e-172	489	96
AMMMCCPO_00260	199	sp|P96666|YDEI_BACSU	197	54.545	198	89	1	1	198	1	197	1.62e-74	225	99
AMMMCCPO_00261	545	sp|Q45577|YBEC_BACSU	539	47.963	540	275	4	5	544	2	535	0.0	539	99
AMMMCCPO_00262	450	sp|P37967|PNBA_BACSU	489	32.403	466	280	12	3	444	6	460	1.93e-65	220	98
AMMMCCPO_00263	395	sp|Q797E3|PBUE_BACSU	388	30.618	356	237	3	5	359	4	350	1.85e-50	176	90
AMMMCCPO_00264	258	sp|P77307|FETB_ECOLI	259	45.968	248	133	1	1	248	6	252	4.76e-74	228	96
AMMMCCPO_00265	220	sp|P77279|FETA_ECOLI	225	42.927	205	115	2	2	205	7	210	6.46e-52	169	93
AMMMCCPO_00266	358	sp|P94521|YSDC_BACSU	361	52.089	359	169	3	1	358	4	360	2.07e-135	392	100
AMMMCCPO_00269	151	sp|P33385|Y207_LISMO	153	38.411	151	89	3	1	147	3	153	1.51e-23	92.4	97
AMMMCCPO_00270	525	sp|O34849|YERD_BACSU	525	57.884	501	207	4	29	525	25	525	0.0	599	95
AMMMCCPO_00272	397	sp|A0A0H3JTK0|CNTE_STAAM	397	99.244	397	3	0	1	397	1	397	0.0	783	100
AMMMCCPO_00273	249	sp|Q2FVF1|CNTF_STAA8	249	99.598	249	1	0	1	249	1	249	0.0	513	100
AMMMCCPO_00274	271	sp|Q2FVF0|CNTD_STAA8	271	97.417	271	7	0	1	271	1	271	0.0	542	100
AMMMCCPO_00275	289	sp|Q2FVE9|CNTC_STAA8	289	100.000	289	0	0	1	289	1	289	0.0	584	100
AMMMCCPO_00276	311	sp|Q2FVE8|CNTB_STAA8	311	99.678	311	1	0	1	311	1	311	0.0	622	100
AMMMCCPO_00277	532	sp|Q2FVE7|CNTA_STAA8	532	99.624	532	2	0	1	532	1	532	0.0	1085	100
AMMMCCPO_00278	433	sp|A0A0H3JT80|ODH_STAAM	433	99.076	433	4	0	1	433	1	433	0.0	894	100
AMMMCCPO_00279	272	sp|A0A0H3JXA8|NASLD_STAAM	272	99.265	272	2	0	1	272	1	272	0.0	556	100
AMMMCCPO_00280	273	sp|A0A0H3JU78|CNTK_STAAM	273	98.168	273	5	0	1	273	1	273	0.0	566	100
AMMMCCPO_00281	255	sp|P96655|YDDR_BACSU	254	50.394	254	125	1	1	253	1	254	1.70e-85	257	99
AMMMCCPO_00282	272	sp|P46331|YXBG_BACSU	273	58.364	269	111	1	1	268	1	269	8.43e-120	346	99
AMMMCCPO_00283	512	sp|P46133|ABGT_ECOLI	508	35.510	490	308	3	19	506	19	502	5.24e-103	320	95
AMMMCCPO_00284	140	sp|P96684|YDFG_BACSU	147	35.338	133	85	1	4	135	6	138	1.01e-27	102	94
AMMMCCPO_00291	231	sp|Q6GDV6|Y2567_STAAR	231	100.000	231	0	0	1	231	1	231	5.38e-168	464	100
AMMMCCPO_00294	264	sp|Q6GDV3|Y2570_STAAR	264	100.000	264	0	0	1	264	1	264	0.0	534	100
AMMMCCPO_00295	253	sp|Q2FVD0|Y2783_STAA8	264	80.934	257	45	1	1	253	1	257	4.38e-141	399	100
AMMMCCPO_00296	233	sp|Q6GDV2|Y2573_STAAR	257	100.000	233	0	0	1	233	25	257	1.65e-170	472	100
AMMMCCPO_00297	953	sp|Q06683|IRC3_YEAST	689	26.247	381	246	11	250	607	60	428	1.51e-27	122	38
AMMMCCPO_00298	130	sp|P77788|NUDG_ECOLI	135	38.095	126	78	0	3	128	2	127	2.35e-23	90.5	97
AMMMCCPO_00299	545	sp|Q6GDU9|PGCA_STAAR	552	100.000	545	0	0	1	545	8	552	0.0	1124	100
AMMMCCPO_00302	288	sp|Q8NUU9|GTAB_STAAW	288	100.000	288	0	0	1	288	1	288	0.0	583	100
AMMMCCPO_00303	909	sp|A0A0H2XKG3|FNBB_STAA3	940	82.038	952	116	7	1	909	1	940	0.0	1420	100
AMMMCCPO_00304	1042	sp|Q6GDU5|FNBA_STAAR	965	86.385	1043	63	4	1	1042	1	965	0.0	1675	100
AMMMCCPO_00305	452	sp|P12012|GNTP_BACSU	448	62.640	447	166	1	7	452	2	448	0.0	555	99
AMMMCCPO_00306	517	sp|P12011|GNTK_BACSU	513	62.451	506	188	1	3	508	4	507	0.0	682	98
AMMMCCPO_00307	226	sp|P10585|GNTR_BACSU	243	46.396	222	119	0	5	226	9	230	1.99e-75	230	98
AMMMCCPO_00308	243	sp|P39842|BLTR_BACSU	273	36.634	101	60	2	4	101	9	108	2.62e-10	62.0	40
AMMMCCPO_00309	230	sp|P39583|YWAC_BACSU	210	47.849	186	96	1	44	228	24	209	7.22e-55	177	80
AMMMCCPO_00310	138	sp|P96595|YDAT_BACSU	150	51.667	60	29	0	1	60	1	60	2.72e-12	62.8	43
AMMMCCPO_00311	607	sp|O32225|YVAC_BACSU	631	24.510	612	422	15	4	601	41	626	1.52e-43	167	99
AMMMCCPO_00312	425	sp|P42237|GUDP_BACSU	455	29.596	446	279	10	4	417	13	455	3.23e-51	181	97
AMMMCCPO_00313	203	sp|Q48630|APL_LACLM	214	43.979	191	104	2	1	190	1	189	2.72e-51	167	94
AMMMCCPO_00314	292	sp|P54161|EX53_BACSU	296	54.023	261	117	1	3	260	4	264	3.21e-106	313	88
AMMMCCPO_00315	1146	sp|P54159|YPBR_BACSU	1193	26.380	1069	658	34	1	988	1	1021	2.80e-79	286	86
AMMMCCPO_00318	381	sp|P50840|YPSC_BACSU	385	56.806	382	162	3	2	381	4	384	5.70e-159	454	99
AMMMCCPO_00320	114	sp|Q7A0V6|GPSB_STAAW	114	100.000	114	0	0	1	114	1	114	1.00e-78	229	100
AMMMCCPO_00321	187	sp|A6U1R6|Y1535_STAA2	187	100.000	187	0	0	1	187	1	187	2.22e-138	385	100
AMMMCCPO_00323	208	sp|Q6GGW0|RECU_STAAR	208	100.000	208	0	0	1	208	1	208	1.79e-154	428	100
AMMMCCPO_00324	716	sp|P39793|PBPA_BACSU	914	37.421	636	373	15	39	669	41	656	1.83e-121	387	88
AMMMCCPO_00326	219	sp|P39788|END3_BACSU	219	63.889	216	78	0	1	216	1	216	1.34e-97	285	99
AMMMCCPO_00327	228	sp|P39787|DNAD_BACSU	232	36.493	211	126	2	17	220	21	230	3.80e-39	137	89
AMMMCCPO_00328	430	sp|Q6GGV5|SYN_STAAR	430	100.000	430	0	0	1	430	1	430	0.0	896	100
AMMMCCPO_00329	897	sp|Q6GGV4|DING_STAAR	897	100.000	897	0	0	1	897	1	897	0.0	1833	100
AMMMCCPO_00330	323	sp|E0U174|BIRA_BACPZ	325	34.043	329	203	6	2	323	3	324	5.07e-56	187	99
AMMMCCPO_00331	400	sp|Q6GGV2|CCA_STAAR	400	100.000	400	0	0	1	400	1	400	0.0	825	100
AMMMCCPO_00332	380	sp|Q81ST7|BSHA_BACAN	381	55.291	378	169	0	1	378	3	380	2.65e-155	444	99
AMMMCCPO_00333	105	sp|P42979|YPJD_BACSU	111	62.500	104	39	0	2	105	4	107	3.39e-44	141	99
AMMMCCPO_00334	232	sp|O05248|YUGP_BACSU	225	45.024	211	110	1	17	227	13	217	1.21e-45	154	91
AMMMCCPO_00335	195	sp|P54392|YPJA_BACSU	185	41.071	168	99	0	17	184	2	169	1.37e-36	128	86
AMMMCCPO_00336	205	sp|Q6GGU7|Y1473_STAAR	191	100.000	191	0	0	15	205	1	191	3.29e-138	386	93
AMMMCCPO_00337	414	sp|P54389|YPIA_BACSU	423	31.100	418	279	6	1	413	5	418	2.93e-54	188	99
AMMMCCPO_00338	432	sp|Q6GGU5|AROA_STAAR	432	100.000	432	0	0	1	432	1	432	0.0	873	100
AMMMCCPO_00339	354	sp|Q6GGU4|AROB_STAAR	354	100.000	354	0	0	1	354	1	354	0.0	721	100
AMMMCCPO_00340	388	sp|Q6GGU3|AROC_STAAR	388	99.742	388	1	0	1	388	1	388	0.0	795	100
AMMMCCPO_00341	149	sp|P68870|NDK_STAAU	149	100.000	149	0	0	1	149	1	149	3.86e-108	306	100
AMMMCCPO_00342	319	sp|P31114|HEPS2_BACSU	348	46.372	317	167	3	1	317	33	346	1.19e-100	302	99
AMMMCCPO_00343	241	sp|Q6GGU0|MENG_STAAR	241	99.585	241	1	0	1	241	1	241	0.0	499	100
AMMMCCPO_00345	90	sp|Q7A0U9|DBH_STAAW	90	100.000	90	0	0	1	90	1	90	3.01e-59	178	100
AMMMCCPO_00346	332	sp|Q6GGT7|GPDA_STAAR	332	100.000	332	0	0	1	332	1	332	0.0	681	100
AMMMCCPO_00347	436	sp|P64061|DER_STAAW	436	100.000	436	0	0	1	436	1	436	0.0	887	100
AMMMCCPO_00348	391	sp|Q6GGT5|RS1_STAAR	391	100.000	391	0	0	1	391	1	391	0.0	771	100
AMMMCCPO_00349	219	sp|Q6GGT4|KCY_STAAR	219	100.000	219	0	0	1	219	1	219	7.38e-160	442	100
AMMMCCPO_00350	322	sp|P30363|ASPG_BACLI	322	36.364	330	187	5	2	320	3	320	6.04e-59	194	99
AMMMCCPO_00351	328	sp|P50736|YPDA_BACSU	324	63.804	326	111	6	1	323	1	322	2.11e-140	402	98
AMMMCCPO_00352	486	sp|Q53630|EBPS_STAAU	486	100.000	486	0	0	1	486	1	486	0.0	979	100
AMMMCCPO_00353	459	sp|P50729|RECS_BACSU	496	41.243	354	205	3	2	352	4	357	4.24e-91	287	76
AMMMCCPO_00354	317	sp|P50728|YPBB_BACSU	352	22.121	330	214	10	16	307	21	345	3.40e-14	75.1	92
AMMMCCPO_00355	82	sp|P50727|FER_BACSU	82	81.707	82	15	0	1	82	1	82	4.35e-28	99.0	100
AMMMCCPO_00356	181	sp|E5QVT2|RIBU_STAAH	189	100.000	181	0	0	1	181	9	189	1.66e-121	343	100
